2022-08-04 11:59:39,209 INFO org.springframework.boot.StartupInfoLogger [main] Starting SpringBootLoggingExampleApplication using Java 18.0.1.1 on TUR017P21S with PID 432 (C:\Users\kizilkaya\Desktop\SpringBootLoggingExample\target\classes started by kizilkaya in C:\Users\kizilkaya\Desktop\SpringBootLoggingExample)
2022-08-04 11:59:39,212 DEBUG org.springframework.boot.StartupInfoLogger [main] Running with Spring Boot v2.7.2, Spring v5.3.22
2022-08-04 11:59:39,212 INFO org.springframework.boot.SpringApplication [main] The following 1 profile is active: "dev"
2022-08-04 11:59:39,655 INFO org.springframework.boot.web.embedded.tomcat.TomcatWebServer [main] Tomcat initialized with port(s): 8080 (http)
2022-08-04 11:59:39,666 INFO org.apache.juli.logging.DirectJDKLog [main] Starting service [Tomcat]
2022-08-04 11:59:39,666 INFO org.apache.juli.logging.DirectJDKLog [main] Starting Servlet engine: [Apache Tomcat/9.0.65]
2022-08-04 11:59:39,720 INFO org.apache.juli.logging.DirectJDKLog [main] Initializing Spring embedded WebApplicationContext
2022-08-04 11:59:39,721 INFO org.springframework.boot.web.servlet.context.ServletWebServerApplicationContext [main] Root WebApplicationContext: initialization completed in 482 ms
2022-08-04 11:59:39,919 INFO org.springframework.boot.web.embedded.tomcat.TomcatWebServer [main] Tomcat started on port(s): 8080 (http) with context path ''
2022-08-04 11:59:39,926 INFO org.springframework.boot.StartupInfoLogger [main] Started SpringBootLoggingExampleApplication in 0.988 seconds (JVM running for 1.415)
2022-08-04 11:59:48,817 INFO org.apache.juli.logging.DirectJDKLog [http-nio-8080-exec-1] Initializing Spring DispatcherServlet 'dispatcherServlet'
2022-08-04 11:59:48,818 INFO org.springframework.web.servlet.FrameworkServlet [http-nio-8080-exec-1] Initializing Servlet 'dispatcherServlet'
2022-08-04 11:59:48,820 INFO org.springframework.web.servlet.FrameworkServlet [http-nio-8080-exec-1] Completed initialization in 1 ms
2022-08-04 11:59:48,838 INFO com.example.logging.controller.LogEndpoint [http-nio-8080-exec-1] getDetails method started
2022-08-04 11:59:48,838 DEBUG com.example.logging.controller.LogEndpoint [http-nio-8080-exec-1] internalLogDetail method started
2022-08-04 12:05:54,187 INFO org.springframework.boot.StartupInfoLogger [main] Starting SpringBootLoggingExampleApplication using Java 18.0.1.1 on TUR017P21S with PID 27740 (C:\Users\kizilkaya\Desktop\SpringBootLoggingExample\target\classes started by kizilkaya in C:\Users\kizilkaya\Desktop\SpringBootLoggingExample)
2022-08-04 12:05:54,189 DEBUG org.springframework.boot.StartupInfoLogger [main] Running with Spring Boot v2.7.2, Spring v5.3.22
2022-08-04 12:05:54,190 INFO org.springframework.boot.SpringApplication [main] The following 1 profile is active: "dev"
2022-08-04 12:05:54,652 INFO org.springframework.boot.web.embedded.tomcat.TomcatWebServer [main] Tomcat initialized with port(s): 8080 (http)
2022-08-04 12:05:54,657 INFO org.apache.juli.logging.DirectJDKLog [main] Starting service [Tomcat]
2022-08-04 12:05:54,657 INFO org.apache.juli.logging.DirectJDKLog [main] Starting Servlet engine: [Apache Tomcat/9.0.65]
2022-08-04 12:05:54,712 INFO org.apache.juli.logging.DirectJDKLog [main] Initializing Spring embedded WebApplicationContext
2022-08-04 12:05:54,712 INFO org.springframework.boot.web.servlet.context.ServletWebServerApplicationContext [main] Root WebApplicationContext: initialization completed in 495 ms
2022-08-04 12:05:54,922 INFO org.springframework.boot.web.embedded.tomcat.TomcatWebServer [main] Tomcat started on port(s): 8080 (http) with context path ''
2022-08-04 12:05:54,939 INFO org.springframework.boot.StartupInfoLogger [main] Started SpringBootLoggingExampleApplication in 0.986 seconds (JVM running for 1.398)
2022-08-04 12:06:33,115 INFO org.springframework.boot.StartupInfoLogger [main] Starting SpringBootLoggingExampleApplication using Java 18.0.1.1 on TUR017P21S with PID 14520 (C:\Users\kizilkaya\Desktop\SpringBootLoggingExample\target\classes started by kizilkaya in C:\Users\kizilkaya\Desktop\SpringBootLoggingExample)
2022-08-04 12:06:33,116 DEBUG org.springframework.boot.StartupInfoLogger [main] Running with Spring Boot v2.7.2, Spring v5.3.22
2022-08-04 12:06:33,117 INFO org.springframework.boot.SpringApplication [main] The following 1 profile is active: "prod"
2022-08-04 12:06:33,792 INFO org.springframework.boot.StartupInfoLogger [main] Started SpringBootLoggingExampleApplication in 0.92 seconds (JVM running for 1.297)
